<?xml version="1.0" encoding="UTF-8"?>
<!-- Generated by org.testng.reporters.JUnitXMLReporter -->
<testsuite hostname="LAPTOP-04B1LE1H" ignored="1" name="sample-page-factory-project" tests="1" failures="1" timestamp="2022-12-17T11:41:42 GMT" time="9.074" errors="0">
  <testcase name="verifyUserShouldNavigateToLoginPage" time="1.262" classname="com.nopcommerce.demo.testsuite.LoginPageTest">
    <failure type="java.lang.AssertionError" message="Login page not displayed expected [Welcome, Please Sign In!] but found [Welcome, Please Sign In]">
      <![CDATA[java.lang.AssertionError: Login page not displayed expected [Welcome, Please Sign In!] but found [Welcome, Please Sign In]
at com.nopcommerce.demo.testsuite.LoginPageTest.verifyUserShouldNavigateToLoginPage(LoginPageTest.java:32)
at java.util.ArrayList.forEach(ArrayList.java:1249)
at com.intellij.rt.testng.IDEARemoteTestNG.run(IDEARemoteTestNG.java:66)
at com.intellij.rt.testng.RemoteTestNGStarter.main(RemoteTestNGStarter.java:109)
... Removed 29 stack frames]]>
    </failure>
  </testcase> <!-- verifyUserShouldNavigateToLoginPage -->
  <testcase name="verifyErrorMessageWithInvalidCredentials" time="0.0" classname="com.nopcommerce.demo.testsuite.LoginPageTest">
    <ignored/>
  </testcase> <!-- verifyErrorMessageWithInvalidCredentials -->
</testsuite> <!-- sample-page-factory-project -->
